# JRE version: OpenJDK Runtime Environment Temurin-21.0.8+9 (21.0.8+9) (build 21.0.8+9-LTS)
# Java VM: OpenJDK 64-Bit Server VM Temurin-21.0.8+9 (21.0.8+9-LTS, mixed mode, sharing, tiered, compressed oops, compressed class ptrs, parallel gc, windows-amd64)
GC Precious Log:
 CardTable entry size: 512
 CPUs: 8 total, 8 available
 Memory: 16167M
 Large Page Support: Disabled
 NUMA Support: Disabled
 Compressed Oops: Enabled (32-bit)
 Alignments: Space 512K, Generation 512K, Heap 2M
 Heap Min Capacity: 100M
 Heap Initial Capacity: 100M
 Heap Max Capacity: 2G
 Pre-touch: Disabled
 Parallel Workers: 8
Heap:
 PSYoungGen      total 19456K, used 6431K [0x00000000d5580000, 0x00000000d6a80000, 0x0000000100000000)
  eden space 17408K, 25% used [0x00000000d5580000,0x00000000d59e7dd8,0x00000000d6680000)
  from space 2048K, 93% used [0x00000000d6700000,0x00000000d68e0040,0x00000000d6900000)
  to   space 1536K, 0% used [0x00000000d6900000,0x00000000d6900000,0x00000000d6a80000)
 ParOldGen       total 77824K, used 77638K [0x0000000080000000, 0x0000000084c00000, 0x00000000d5580000)
  object space 77824K, 99% used [0x0000000080000000,0x0000000084bd1a48,0x0000000084c00000)
 Metaspace       used 63297K, committed 64640K, reserved 1114112K
  class space    used 7955K, committed 8576K, reserved 1048576K
GC Heap History (20 events):
Event: 8.428 GC heap before
{Heap before GC invocations=46 (full 3):
 PSYoungGen      total 20480K, used 20225K [0x00000000d5580000, 0x00000000d6c00000, 0x0000000100000000)
  eden space 18944K, 100% used [0x00000000d5580000,0x00000000d6800000,0x00000000d6800000)
  from space 1536K, 83% used [0x00000000d6a80000,0x00000000d6bc07b0,0x00000000d6c00000)
  to   space 2048K, 0% used [0x00000000d6800000,0x00000000d6800000,0x00000000d6a00000)
 ParOldGen       total 68608K, used 64308K [0x0000000080000000, 0x0000000084300000, 0x00000000d5580000)
  object space 68608K, 93% used [0x0000000080000000,0x0000000083ecd210,0x0000000084300000)
 Metaspace       used 60260K, committed 61568K, reserved 1114112K
  class space    used 7498K, committed 8128K, reserved 1048576K
}
Event: 8.429 GC heap after
{Heap after GC invocations=46 (full 3):
 PSYoungGen      total 20480K, used 1071K [0x00000000d5580000, 0x00000000d6b00000, 0x0000000100000000)
  eden space 18944K, 0% used [0x00000000d5580000,0x00000000d5580000,0x00000000d6800000)
  from space 1536K, 69% used [0x00000000d6800000,0x00000000d690bcd8,0x00000000d6980000)
  to   space 1536K, 0% used [0x00000000d6980000,0x00000000d6980000,0x00000000d6b00000)
 ParOldGen       total 68608K, used 64780K [0x0000000080000000, 0x0000000084300000, 0x00000000d5580000)
  object space 68608K, 94% used [0x0000000080000000,0x0000000083f43210,0x0000000084300000)
 Metaspace       used 60260K, committed 61568K, reserved 1114112K
  class space    used 7498K, committed 8128K, reserved 1048576K
}
Event: 8.492 GC heap before
{Heap before GC invocations=47 (full 3):
 PSYoungGen      total 20480K, used 20015K [0x00000000d5580000, 0x00000000d6b00000, 0x0000000100000000)
  eden space 18944K, 100% used [0x00000000d5580000,0x00000000d6800000,0x00000000d6800000)
  from space 1536K, 69% used [0x00000000d6800000,0x00000000d690bcd8,0x00000000d6980000)
  to   space 1536K, 0% used [0x00000000d6980000,0x00000000d6980000,0x00000000d6b00000)
 ParOldGen       total 68608K, used 64780K [0x0000000080000000, 0x0000000084300000, 0x00000000d5580000)
  object space 68608K, 94% used [0x0000000080000000,0x0000000083f43210,0x0000000084300000)
 Metaspace       used 60262K, committed 61568K, reserved 1114112K
  class space    used 7498K, committed 8128K, reserved 1048576K
}
Event: 8.493 GC heap after
{Heap after GC invocations=47 (full 3):
 PSYoungGen      total 20480K, used 1382K [0x00000000d5580000, 0x00000000d6b00000, 0x0000000100000000)
  eden space 18944K, 0% used [0x00000000d5580000,0x00000000d5580000,0x00000000d6800000)
  from space 1536K, 89% used [0x00000000d6980000,0x00000000d6ad9930,0x00000000d6b00000)
  to   space 1536K, 0% used [0x00000000d6800000,0x00000000d6800000,0x00000000d6980000)
 ParOldGen       total 68608K, used 65709K [0x0000000080000000, 0x0000000084300000, 0x00000000d5580000)
  object space 68608K, 95% used [0x0000000080000000,0x000000008402b4e0,0x0000000084300000)
 Metaspace       used 60262K, committed 61568K, reserved 1114112K
  class space    used 7498K, committed 8128K, reserved 1048576K
}
Event: 8.589 GC heap before
{Heap before GC invocations=48 (full 3):
 PSYoungGen      total 20480K, used 20326K [0x00000000d5580000, 0x00000000d6b00000, 0x0000000100000000)
  eden space 18944K, 100% used [0x00000000d5580000,0x00000000d6800000,0x00000000d6800000)
  from space 1536K, 89% used [0x00000000d6980000,0x00000000d6ad9930,0x00000000d6b00000)
  to   space 1536K, 0% used [0x00000000d6800000,0x00000000d6800000,0x00000000d6980000)
 ParOldGen       total 68608K, used 65709K [0x0000000080000000, 0x0000000084300000, 0x00000000d5580000)
  object space 68608K, 95% used [0x0000000080000000,0x000000008402b4e0,0x0000000084300000)
 Metaspace       used 60266K, committed 61568K, reserved 1114112K
  class space    used 7498K, committed 8128K, reserved 1048576K
}
Event: 8.591 GC heap after
{Heap after GC invocations=48 (full 3):
 PSYoungGen      total 20480K, used 1303K [0x00000000d5580000, 0x00000000d6b00000, 0x0000000100000000)
  eden space 18944K, 0% used [0x00000000d5580000,0x00000000d5580000,0x00000000d6800000)
  from space 1536K, 84% used [0x00000000d6800000,0x00000000d6945f58,0x00000000d6980000)
  to   space 1536K, 0% used [0x00000000d6980000,0x00000000d6980000,0x00000000d6b00000)
 ParOldGen       total 68608K, used 66421K [0x0000000080000000, 0x0000000084300000, 0x00000000d5580000)
  object space 68608K, 96% used [0x0000000080000000,0x00000000840dd4f0,0x0000000084300000)
 Metaspace       used 60266K, committed 61568K, reserved 1114112K
  class space    used 7498K, committed 8128K, reserved 1048576K
}
Event: 8.711 GC heap before
{Heap before GC invocations=49 (full 3):
 PSYoungGen      total 20480K, used 20245K [0x00000000d5580000, 0x00000000d6b00000, 0x0000000100000000)
  eden space 18944K, 99% used [0x00000000d5580000,0x00000000d67ff590,0x00000000d6800000)
  from space 1536K, 84% used [0x00000000d6800000,0x00000000d6945f58,0x00000000d6980000)
  to   space 1536K, 0% used [0x00000000d6980000,0x00000000d6980000,0x00000000d6b00000)
 ParOldGen       total 68608K, used 66421K [0x0000000080000000, 0x0000000084300000, 0x00000000d5580000)
  object space 68608K, 96% used [0x0000000080000000,0x00000000840dd4f0,0x0000000084300000)
 Metaspace       used 60491K, committed 61824K, reserved 1114112K
  class space    used 7539K, committed 8192K, reserved 1048576K
}
Event: 8.711 GC heap after
{Heap after GC invocations=49 (full 3):
 PSYoungGen      total 19968K, used 608K [0x00000000d5580000, 0x00000000d6a80000, 0x0000000100000000)
  eden space 18944K, 0% used [0x00000000d5580000,0x00000000d5580000,0x00000000d6800000)
  from space 1024K, 59% used [0x00000000d6980000,0x00000000d6a18000,0x00000000d6a80000)
  to   space 1024K, 0% used [0x00000000d6880000,0x00000000d6880000,0x00000000d6980000)
 ParOldGen       total 68608K, used 66909K [0x0000000080000000, 0x0000000084300000, 0x00000000d5580000)
  object space 68608K, 97% used [0x0000000080000000,0x00000000841574f0,0x0000000084300000)
 Metaspace       used 60491K, committed 61824K, reserved 1114112K
  class space    used 7539K, committed 8192K, reserved 1048576K
}
Event: 8.975 GC heap before
{Heap before GC invocations=50 (full 3):
 PSYoungGen      total 19968K, used 19552K [0x00000000d5580000, 0x00000000d6a80000, 0x0000000100000000)
  eden space 18944K, 100% used [0x00000000d5580000,0x00000000d6800000,0x00000000d6800000)
  from space 1024K, 59% used [0x00000000d6980000,0x00000000d6a18000,0x00000000d6a80000)
  to   space 1024K, 0% used [0x00000000d6880000,0x00000000d6880000,0x00000000d6980000)
 ParOldGen       total 68608K, used 66909K [0x0000000080000000, 0x0000000084300000, 0x00000000d5580000)
  object space 68608K, 97% used [0x0000000080000000,0x00000000841574f0,0x0000000084300000)
 Metaspace       used 62258K, committed 63616K, reserved 1114112K
  class space    used 7821K, committed 8448K, reserved 1048576K
}
Event: 8.976 GC heap after
{Heap after GC invocations=50 (full 3):
 PSYoungGen      total 19968K, used 1002K [0x00000000d5580000, 0x00000000d6c00000, 0x0000000100000000)
  eden space 18944K, 0% used [0x00000000d5580000,0x00000000d5580000,0x00000000d6800000)
  from space 1024K, 97% used [0x00000000d6880000,0x00000000d697a9b0,0x00000000d6980000)
  to   space 2048K, 0% used [0x00000000d6a00000,0x00000000d6a00000,0x00000000d6c00000)
 ParOldGen       total 68608K, used 67381K [0x0000000080000000, 0x0000000084300000, 0x00000000d5580000)
  object space 68608K, 98% used [0x0000000080000000,0x00000000841cd4f0,0x0000000084300000)
 Metaspace       used 62258K, committed 63616K, reserved 1114112K
  class space    used 7821K, committed 8448K, reserved 1048576K
}
Event: 9.085 GC heap before
{Heap before GC invocations=51 (full 3):
 PSYoungGen      total 19968K, used 19946K [0x00000000d5580000, 0x00000000d6c00000, 0x0000000100000000)
  eden space 18944K, 100% used [0x00000000d5580000,0x00000000d6800000,0x00000000d6800000)
  from space 1024K, 97% used [0x00000000d6880000,0x00000000d697a9b0,0x00000000d6980000)
  to   space 2048K, 0% used [0x00000000d6a00000,0x00000000d6a00000,0x00000000d6c00000)
 ParOldGen       total 68608K, used 67381K [0x0000000080000000, 0x0000000084300000, 0x00000000d5580000)
  object space 68608K, 98% used [0x0000000080000000,0x00000000841cd4f0,0x0000000084300000)
 Metaspace       used 63019K, committed 64384K, reserved 1114112K
  class space    used 7930K, committed 8576K, reserved 1048576K
}
Event: 9.088 GC heap after
{Heap after GC invocations=51 (full 3):
 PSYoungGen      total 19456K, used 2043K [0x00000000d5580000, 0x00000000d6f00000, 0x0000000100000000)
  eden space 17408K, 0% used [0x00000000d5580000,0x00000000d5580000,0x00000000d6680000)
  from space 2048K, 99% used [0x00000000d6a00000,0x00000000d6bfeea0,0x00000000d6c00000)
  to   space 3584K, 0% used [0x00000000d6680000,0x00000000d6680000,0x00000000d6a00000)
 ParOldGen       total 68608K, used 68308K [0x0000000080000000, 0x0000000084300000, 0x00000000d5580000)
  object space 68608K, 99% used [0x0000000080000000,0x00000000842b5200,0x0000000084300000)
 Metaspace       used 63019K, committed 64384K, reserved 1114112K
  class space    used 7930K, committed 8576K, reserved 1048576K
}
Event: 9.205 GC heap before
{Heap before GC invocations=52 (full 3):
 PSYoungGen      total 19456K, used 19451K [0x00000000d5580000, 0x00000000d6f00000, 0x0000000100000000)
  eden space 17408K, 100% used [0x00000000d5580000,0x00000000d6680000,0x00000000d6680000)
  from space 2048K, 99% used [0x00000000d6a00000,0x00000000d6bfeea0,0x00000000d6c00000)
  to   space 3584K, 0% used [0x00000000d6680000,0x00000000d6680000,0x00000000d6a00000)
 ParOldGen       total 68608K, used 68308K [0x0000000080000000, 0x0000000084300000, 0x00000000d5580000)
  object space 68608K, 99% used [0x0000000080000000,0x00000000842b5200,0x0000000084300000)
 Metaspace       used 63161K, committed 64512K, reserved 1114112K
  class space    used 7952K, committed 8576K, reserved 1048576K
}
Event: 9.207 GC heap after
{Heap after GC invocations=52 (full 3):
 PSYoungGen      total 19456K, used 1936K [0x00000000d5580000, 0x00000000d6b80000, 0x0000000100000000)
  eden space 17408K, 0% used [0x00000000d5580000,0x00000000d5580000,0x00000000d6680000)
  from space 2048K, 94% used [0x00000000d6680000,0x00000000d6864010,0x00000000d6880000)
  to   space 2560K, 0% used [0x00000000d6900000,0x00000000d6900000,0x00000000d6b80000)
 ParOldGen       total 70656K, used 70224K [0x0000000080000000, 0x0000000084500000, 0x00000000d5580000)
  object space 70656K, 99% used [0x0000000080000000,0x0000000084494210,0x0000000084500000)
 Metaspace       used 63161K, committed 64512K, reserved 1114112K
  class space    used 7952K, committed 8576K, reserved 1048576K
}
Event: 9.273 GC heap before
{Heap before GC invocations=53 (full 3):
 PSYoungGen      total 19456K, used 19344K [0x00000000d5580000, 0x00000000d6b80000, 0x0000000100000000)
  eden space 17408K, 100% used [0x00000000d5580000,0x00000000d6680000,0x00000000d6680000)
  from space 2048K, 94% used [0x00000000d6680000,0x00000000d6864010,0x00000000d6880000)
  to   space 2560K, 0% used [0x00000000d6900000,0x00000000d6900000,0x00000000d6b80000)
 ParOldGen       total 70656K, used 70224K [0x0000000080000000, 0x0000000084500000, 0x00000000d5580000)
  object space 70656K, 99% used [0x0000000080000000,0x0000000084494210,0x0000000084500000)
 Metaspace       used 63161K, committed 64512K, reserved 1114112K
  class space    used 7952K, committed 8576K, reserved 1048576K
}
Event: 9.275 GC heap after
{Heap after GC invocations=53 (full 3):
 PSYoungGen      total 19968K, used 2320K [0x00000000d5580000, 0x00000000d6b80000, 0x0000000100000000)
  eden space 17408K, 0% used [0x00000000d5580000,0x00000000d5580000,0x00000000d6680000)
  from space 2560K, 90% used [0x00000000d6900000,0x00000000d6b44008,0x00000000d6b80000)
  to   space 2560K, 0% used [0x00000000d6680000,0x00000000d6680000,0x00000000d6900000)
 ParOldGen       total 72192K, used 71984K [0x0000000080000000, 0x0000000084680000, 0x00000000d5580000)
  object space 72192K, 99% used [0x0000000080000000,0x000000008464c230,0x0000000084680000)
 Metaspace       used 63161K, committed 64512K, reserved 1114112K
  class space    used 7952K, committed 8576K, reserved 1048576K
}
Event: 9.309 GC heap before
{Heap before GC invocations=54 (full 3):
 PSYoungGen      total 19968K, used 19728K [0x00000000d5580000, 0x00000000d6b80000, 0x0000000100000000)
  eden space 17408K, 100% used [0x00000000d5580000,0x00000000d6680000,0x00000000d6680000)
  from space 2560K, 90% used [0x00000000d6900000,0x00000000d6b44008,0x00000000d6b80000)
  to   space 2560K, 0% used [0x00000000d6680000,0x00000000d6680000,0x00000000d6900000)
 ParOldGen       total 72192K, used 71984K [0x0000000080000000, 0x0000000084680000, 0x00000000d5580000)
  object space 72192K, 99% used [0x0000000080000000,0x000000008464c230,0x0000000084680000)
 Metaspace       used 63161K, committed 64512K, reserved 1114112K
  class space    used 7952K, committed 8576K, reserved 1048576K
}
Event: 9.311 GC heap after
{Heap after GC invocations=54 (full 3):
 PSYoungGen      total 19968K, used 2038K [0x00000000d5580000, 0x00000000d6b80000, 0x0000000100000000)
  eden space 17408K, 0% used [0x00000000d5580000,0x00000000d5580000,0x00000000d6680000)
  from space 2560K, 79% used [0x00000000d6680000,0x00000000d687d810,0x00000000d6900000)
  to   space 2560K, 0% used [0x00000000d6900000,0x00000000d6900000,0x00000000d6b80000)
 ParOldGen       total 74240K, used 74064K [0x0000000080000000, 0x0000000084880000, 0x00000000d5580000)
  object space 74240K, 99% used [0x0000000080000000,0x0000000084854238,0x0000000084880000)
 Metaspace       used 63161K, committed 64512K, reserved 1114112K
  class space    used 7952K, committed 8576K, reserved 1048576K
}
Event: 9.376 GC heap before
{Heap before GC invocations=55 (full 3):
 PSYoungGen      total 19968K, used 19439K [0x00000000d5580000, 0x00000000d6b80000, 0x0000000100000000)
  eden space 17408K, 99% used [0x00000000d5580000,0x00000000d667e4d8,0x00000000d6680000)
  from space 2560K, 79% used [0x00000000d6680000,0x00000000d687d810,0x00000000d6900000)
  to   space 2560K, 0% used [0x00000000d6900000,0x00000000d6900000,0x00000000d6b80000)
 ParOldGen       total 74240K, used 74064K [0x0000000080000000, 0x0000000084880000, 0x00000000d5580000)
  object space 74240K, 99% used [0x0000000080000000,0x0000000084854238,0x0000000084880000)
 Metaspace       used 63174K, committed 64512K, reserved 1114112K
  class space    used 7952K, committed 8576K, reserved 1048576K
}
Event: 9.379 GC heap after
{Heap after GC invocations=55 (full 3):
 PSYoungGen      total 19456K, used 1952K [0x00000000d5580000, 0x00000000d6b00000, 0x0000000100000000)
  eden space 17408K, 0% used [0x00000000d5580000,0x00000000d5580000,0x00000000d6680000)
  from space 2048K, 95% used [0x00000000d6900000,0x00000000d6ae8000,0x00000000d6b00000)
  to   space 2048K, 0% used [0x00000000d6700000,0x00000000d6700000,0x00000000d6900000)
 ParOldGen       total 76288K, used 75846K [0x0000000080000000, 0x0000000084a80000, 0x00000000d5580000)
  object space 76288K, 99% used [0x0000000080000000,0x0000000084a11a48,0x0000000084a80000)
 Metaspace       used 63174K, committed 64512K, reserved 1114112K
  class space    used 7952K, committed 8576K, reserved 1048576K
}

