# JRE version: Java(TM) SE Runtime Environment (23.0+37) (build 23+37-2369)
# Java VM: Java HotSpot(TM) 64-Bit Server VM (23+37-2369, mixed mode, sharing, tiered, compressed oops, compressed class ptrs, g1 gc, windows-amd64)
GC Precious Log:
 CardTable entry size: 512
 Card Set container configuration: InlinePtr #cards 4 size 8 Array Of Cards #cards 32 size 80 Howl #buckets 8 coarsen threshold 7372 Howl Bitmap #cards 1024 size 144 coarsen threshold 921 Card regions per heap region 1 cards per card region 8192
 CPUs: 8 total, 8 available
 Memory: 16167M
 Large Page Support: Disabled
 NUMA Support: Disabled
 Compressed Oops: Enabled (Zero based)
 Heap Region Size: 4M
 Heap Min Capacity: 8M
 Heap Initial Capacity: 256M
 Heap Max Capacity: 8G
 Pre-touch: Disabled
 Parallel Workers: 8
 Concurrent Workers: 2
 Concurrent Refinement Workers: 8
 Periodic GC: Disabled
Heap:
 garbage-first heap   total reserved 8388608K, committed 270336K, used 169810K [0x0000000600000000, 0x0000000800000000)
  region size 4096K, 2 young (8192K), 2 survivors (8192K)
 Metaspace       used 131270K, committed 133824K, reserved 1179648K
  class space    used 18264K, committed 19456K, reserved 1048576K
GC Heap History (20 events):
Event: 24.628 GC heap after
{Heap after GC invocations=39 (full 0):
 garbage-first heap   total reserved 8388608K, committed 233472K, used 124760K [0x0000000600000000, 0x0000000800000000)
  region size 4096K, 3 young (12288K), 3 survivors (12288K)
 Metaspace       used 98354K, committed 100736K, reserved 1179648K
  class space    used 14117K, committed 15232K, reserved 1048576K
}
Event: 25.148 GC heap before
{Heap before GC invocations=39 (full 0):
 garbage-first heap   total reserved 8388608K, committed 233472K, used 194392K [0x0000000600000000, 0x0000000800000000)
  region size 4096K, 21 young (86016K), 3 survivors (12288K)
 Metaspace       used 103726K, committed 106112K, reserved 1179648K
  class space    used 15025K, committed 16128K, reserved 1048576K
}
Event: 25.154 GC heap after
{Heap after GC invocations=40 (full 0):
 garbage-first heap   total reserved 8388608K, committed 233472K, used 124848K [0x0000000600000000, 0x0000000800000000)
  region size 4096K, 3 young (12288K), 3 survivors (12288K)
 Metaspace       used 103726K, committed 106112K, reserved 1179648K
  class space    used 15025K, committed 16128K, reserved 1048576K
}
Event: 25.655 GC heap before
{Heap before GC invocations=40 (full 0):
 garbage-first heap   total reserved 8388608K, committed 233472K, used 198576K [0x0000000600000000, 0x0000000800000000)
  region size 4096K, 21 young (86016K), 3 survivors (12288K)
 Metaspace       used 107568K, committed 110080K, reserved 1179648K
  class space    used 15540K, committed 16704K, reserved 1048576K
}
Event: 25.660 GC heap after
{Heap after GC invocations=41 (full 0):
 garbage-first heap   total reserved 8388608K, committed 233472K, used 128379K [0x0000000600000000, 0x0000000800000000)
  region size 4096K, 2 young (8192K), 2 survivors (8192K)
 Metaspace       used 107568K, committed 110080K, reserved 1179648K
  class space    used 15540K, committed 16704K, reserved 1048576K
}
Event: 26.341 GC heap before
{Heap before GC invocations=41 (full 0):
 garbage-first heap   total reserved 8388608K, committed 233472K, used 202107K [0x0000000600000000, 0x0000000800000000)
  region size 4096K, 21 young (86016K), 2 survivors (8192K)
 Metaspace       used 111743K, committed 114176K, reserved 1179648K
  class space    used 15963K, committed 17088K, reserved 1048576K
}
Event: 26.347 GC heap after
{Heap after GC invocations=42 (full 0):
 garbage-first heap   total reserved 8388608K, committed 233472K, used 135826K [0x0000000600000000, 0x0000000800000000)
  region size 4096K, 3 young (12288K), 3 survivors (12288K)
 Metaspace       used 111743K, committed 114176K, reserved 1179648K
  class space    used 15963K, committed 17088K, reserved 1048576K
}
Event: 26.873 GC heap before
{Heap before GC invocations=42 (full 0):
 garbage-first heap   total reserved 8388608K, committed 233472K, used 201362K [0x0000000600000000, 0x0000000800000000)
  region size 4096K, 19 young (77824K), 3 survivors (12288K)
 Metaspace       used 114734K, committed 117184K, reserved 1179648K
  class space    used 16371K, committed 17536K, reserved 1048576K
}
Event: 26.880 GC heap after
{Heap after GC invocations=43 (full 0):
 garbage-first heap   total reserved 8388608K, committed 233472K, used 141372K [0x0000000600000000, 0x0000000800000000)
  region size 4096K, 2 young (8192K), 2 survivors (8192K)
 Metaspace       used 114734K, committed 117184K, reserved 1179648K
  class space    used 16371K, committed 17536K, reserved 1048576K
}
Event: 27.372 GC heap before
{Heap before GC invocations=44 (full 0):
 garbage-first heap   total reserved 8388608K, committed 245760K, used 206908K [0x0000000600000000, 0x0000000800000000)
  region size 4096K, 18 young (73728K), 2 survivors (8192K)
 Metaspace       used 118252K, committed 120768K, reserved 1179648K
  class space    used 16894K, committed 18112K, reserved 1048576K
}
Event: 27.376 GC heap after
{Heap after GC invocations=45 (full 0):
 garbage-first heap   total reserved 8388608K, committed 245760K, used 145640K [0x0000000600000000, 0x0000000800000000)
  region size 4096K, 3 young (12288K), 3 survivors (12288K)
 Metaspace       used 118252K, committed 120768K, reserved 1179648K
  class space    used 16894K, committed 18112K, reserved 1048576K
}
Event: 27.874 GC heap before
{Heap before GC invocations=45 (full 0):
 garbage-first heap   total reserved 8388608K, committed 245760K, used 211176K [0x0000000600000000, 0x0000000800000000)
  region size 4096K, 20 young (81920K), 3 survivors (12288K)
 Metaspace       used 124150K, committed 126656K, reserved 1179648K
  class space    used 17515K, committed 18688K, reserved 1048576K
}
Event: 27.881 GC heap after
{Heap after GC invocations=46 (full 0):
 garbage-first heap   total reserved 8388608K, committed 245760K, used 144957K [0x0000000600000000, 0x0000000800000000)
  region size 4096K, 2 young (8192K), 2 survivors (8192K)
 Metaspace       used 124150K, committed 126656K, reserved 1179648K
  class space    used 17515K, committed 18688K, reserved 1048576K
}
Event: 28.459 GC heap before
{Heap before GC invocations=46 (full 0):
 garbage-first heap   total reserved 8388608K, committed 245760K, used 222781K [0x0000000600000000, 0x0000000800000000)
  region size 4096K, 21 young (86016K), 2 survivors (8192K)
 Metaspace       used 124567K, committed 127104K, reserved 1179648K
  class space    used 17549K, committed 18752K, reserved 1048576K
}
Event: 28.466 GC heap after
{Heap after GC invocations=47 (full 0):
 garbage-first heap   total reserved 8388608K, committed 245760K, used 152229K [0x0000000600000000, 0x0000000800000000)
  region size 4096K, 3 young (12288K), 3 survivors (12288K)
 Metaspace       used 124567K, committed 127104K, reserved 1179648K
  class space    used 17549K, committed 18752K, reserved 1048576K
}
Event: 28.761 GC heap before
{Heap before GC invocations=48 (full 0):
 garbage-first heap   total reserved 8388608K, committed 262144K, used 209573K [0x0000000600000000, 0x0000000800000000)
  region size 4096K, 18 young (73728K), 3 survivors (12288K)
 Metaspace       used 124608K, committed 127168K, reserved 1179648K
  class space    used 17549K, committed 18752K, reserved 1048576K
}
Event: 28.769 GC heap after
{Heap after GC invocations=49 (full 0):
 garbage-first heap   total reserved 8388608K, committed 262144K, used 156179K [0x0000000600000000, 0x0000000800000000)
  region size 4096K, 2 young (8192K), 2 survivors (8192K)
 Metaspace       used 124608K, committed 127168K, reserved 1179648K
  class space    used 17549K, committed 18752K, reserved 1048576K
}
Event: 29.218 GC heap before
{Heap before GC invocations=49 (full 0):
 garbage-first heap   total reserved 8388608K, committed 262144K, used 229907K [0x0000000600000000, 0x0000000800000000)
  region size 4096K, 21 young (86016K), 2 survivors (8192K)
 Metaspace       used 125604K, committed 128128K, reserved 1179648K
  class space    used 17675K, committed 18880K, reserved 1048576K
}
Event: 29.226 GC heap after
{Heap after GC invocations=50 (full 0):
 garbage-first heap   total reserved 8388608K, committed 262144K, used 163683K [0x0000000600000000, 0x0000000800000000)
  region size 4096K, 3 young (12288K), 3 survivors (12288K)
 Metaspace       used 125604K, committed 128128K, reserved 1179648K
  class space    used 17675K, committed 18880K, reserved 1048576K
}
Event: 29.690 GC heap before
{Heap before GC invocations=50 (full 0):
 garbage-first heap   total reserved 8388608K, committed 262144K, used 229219K [0x0000000600000000, 0x0000000800000000)
  region size 4096K, 20 young (81920K), 3 survivors (12288K)
 Metaspace       used 131270K, committed 133824K, reserved 1179648K
  class space    used 18264K, committed 19456K, reserved 1048576K
}

